<?xml version="1.0" encoding="UTF-8"?>
<testsuite name="com.example.selenium_uno.SearchTest" tests="1" skipped="0" failures="0" errors="0" timestamp="2021-02-07T12:30:20" hostname="ubuntu" time="10.269">
  <properties/>
  <testcase name="googlecookies()" classname="com.example.selenium_uno.SearchTest" time="10.269"/>
  <system-out><![CDATA[]]></system-out>
  <system-err><![CDATA[[Test worker] INFO com.codeborne.selenide.impl.WebDriverThreadLocalContainer - Webdriver has been closed meanwhile. Let's re-create it.
[Test worker] INFO com.codeborne.selenide.drivercommands.CloseDriverCommand - Close webdriver: 11 -> FirefoxDriver: firefox on LINUX (null)...
[Test worker] INFO com.codeborne.selenide.drivercommands.CloseDriverCommand - Closed webdriver 11 in 1 ms
[Test worker] INFO com.codeborne.selenide.impl.FileHelper - Creating folder: /home/viewadmin/selenium-uno/build/downloads/1612701020565_30528_11
[Test worker] INFO com.codeborne.selenide.webdriver.AbstractDriverFactory - Write webdriver logs to: /home/viewadmin/selenium-uno/build/reports/tests/webdriver.1612701020568_30528_11.log
Feb 07, 2021 1:30:25 PM org.openqa.selenium.remote.ProtocolHandshake createSession
INFO: Detected dialect: W3C
[Test worker] INFO com.codeborne.selenide.webdriver.WebDriverFactory - BrowserName=firefox Version=84.0.2 Platform=LINUX
[Test worker] INFO com.codeborne.selenide.webdriver.WebDriverFactory - Selenide v. 5.16.2
[Test worker] INFO com.codeborne.selenide.webdriver.WebDriverFactory - Selenium WebDriver v. 3.141.59 build time: 2018-11-14T08:17:03
[Test worker] INFO com.codeborne.selenide.drivercommands.CreateDriverCommand - Create webdriver in current thread 11: FirefoxDriver -> FirefoxDriver: firefox on LINUX (f3e36996-0457-4c06-a923-1216cc36b70c)
]]></system-err>
</testsuite>
