<?xml version="1.0" encoding="UTF-8"?>
<testsuite name="com.example.selenium_uno.SearchTest" tests="1" skipped="0" failures="0" errors="0" timestamp="2021-02-03T12:54:00" hostname="ubuntu" time="12.317">
  <properties/>
  <testcase name="googlecookies()" classname="com.example.selenium_uno.SearchTest" time="12.317"/>
  <system-out><![CDATA[]]></system-out>
  <system-err><![CDATA[1612356841228	geckodriver	INFO	Listening on 127.0.0.1:15816
1612356841817	mozrunner::runner	INFO	Running command: "/usr/lib/firefox/firefox" "--marionette" "-headless" "-foreground" "-no-remote" "-profile" "/tmp/rust_mozprofileaw0fkW"
*** You are running in headless mode.

(firefox:117327): GLib-GObject-WARNING **: 13:54:02.677: invalid (NULL) pointer instance

(firefox:117327): GLib-GObject-CRITICAL **: 13:54:02.677: g_signal_connect_data: assertion 'G_TYPE_CHECK_INSTANCE (instance)' failed

(/usr/lib/firefox/firefox:117387): GLib-GObject-WARNING **: 13:54:03.567: invalid (NULL) pointer instance

(/usr/lib/firefox/firefox:117387): GLib-GObject-CRITICAL **: 13:54:03.567: g_signal_connect_data: assertion 'G_TYPE_CHECK_INSTANCE (instance)' failed

(/usr/lib/firefox/firefox:117407): GLib-GObject-WARNING **: 13:54:04.083: invalid (NULL) pointer instance

(/usr/lib/firefox/firefox:117407): GLib-GObject-CRITICAL **: 13:54:04.083: g_signal_connect_data: assertion 'G_TYPE_CHECK_INSTANCE (instance)' failed
console.warn: SearchSettings: "get: No settings file exists, new profile?" (new Error("", "(unknown module)"))

(/usr/lib/firefox/firefox:117472): GLib-GObject-WARNING **: 13:54:05.886: invalid (NULL) pointer instance

(/usr/lib/firefox/firefox:117472): GLib-GObject-CRITICAL **: 13:54:05.886: g_signal_connect_data: assertion 'G_TYPE_CHECK_INSTANCE (instance)' failed
1612356846252	Marionette	INFO	Listening on port 37921
1612356846326	Marionette	WARN	TLS certificate errors will be ignored for this session
Feb 03, 2021 1:54:06 PM org.openqa.selenium.remote.ProtocolHandshake createSession
INFO: Detected dialect: W3C
1612356850356	Marionette	INFO	Stopped listening on port 37921
]]></system-err>
</testsuite>
