<?xml version="1.0" encoding="UTF-8"?>
<testsuite name="com.example.selenium_uno.RobotTest" tests="3" skipped="0" failures="0" errors="0" timestamp="2021-02-03T15:37:18" hostname="ubuntu" time="48.821">
  <properties/>
  <testcase name="robotOrderReviewTest()" classname="com.example.selenium_uno.RobotTest" time="19.657"/>
  <testcase name="robotAgeTest()" classname="com.example.selenium_uno.RobotTest" time="17.097"/>
  <testcase name="robotTest()" classname="com.example.selenium_uno.RobotTest" time="11.999"/>
  <system-out><![CDATA[6.25 6.25
]]></system-out>
  <system-err><![CDATA[[Test worker] INFO com.codeborne.selenide.impl.WebDriverThreadLocalContainer - No webdriver is bound to current thread: 11 - let's create a new webdriver
[Test worker] INFO com.codeborne.selenide.impl.FileHelper - Creating folder: /home/viewadmin/selenium-uno/build/downloads/1612366638747_26761_11
[Test worker] INFO io.github.bonigarcia.wdm.WebDriverManager - Using geckodriver 0.29.0 (resolved driver for Firefox 84)
[Test worker] INFO io.github.bonigarcia.wdm.WebDriverManager - Exporting webdriver.gecko.driver as /home/viewadmin/.cache/selenium/geckodriver/linux64/0.29.0/geckodriver
[Test worker] INFO com.codeborne.selenide.webdriver.AbstractDriverFactory - Write webdriver logs to: /home/viewadmin/selenium-uno/build/reports/tests/webdriver.1612366641507_26761_11.log
Feb 03, 2021 4:37:28 PM org.openqa.selenium.remote.ProtocolHandshake createSession
INFO: Detected dialect: W3C
[Test worker] INFO com.codeborne.selenide.webdriver.WebDriverFactory - BrowserName=firefox Version=84.0.2 Platform=LINUX
[Test worker] INFO com.codeborne.selenide.webdriver.WebDriverFactory - Selenide v. 5.16.2
[Test worker] INFO com.codeborne.selenide.webdriver.WebDriverFactory - Selenium WebDriver v. 3.141.59 build time: 2018-11-14T08:17:03
[Test worker] INFO com.codeborne.selenide.drivercommands.CreateDriverCommand - Create webdriver in current thread 11: FirefoxDriver -> FirefoxDriver: firefox on LINUX (afd4c22a-9668-4a9f-8004-1fadfdca2802)
[Test worker] INFO com.codeborne.selenide.impl.WebDriverThreadLocalContainer - Webdriver has been closed meanwhile. Let's re-create it.
[Test worker] INFO com.codeborne.selenide.drivercommands.CloseDriverCommand - Close webdriver: 11 -> FirefoxDriver: firefox on LINUX (null)...
[Test worker] INFO com.codeborne.selenide.drivercommands.CloseDriverCommand - Closed webdriver 11 in 5 ms
[Test worker] INFO com.codeborne.selenide.impl.FileHelper - Creating folder: /home/viewadmin/selenium-uno/build/downloads/1612366657800_26761_11
[Test worker] INFO com.codeborne.selenide.webdriver.AbstractDriverFactory - Write webdriver logs to: /home/viewadmin/selenium-uno/build/reports/tests/webdriver.1612366657809_26761_11.log
Feb 03, 2021 4:37:45 PM org.openqa.selenium.remote.ProtocolHandshake createSession
INFO: Detected dialect: W3C
[Test worker] INFO com.codeborne.selenide.webdriver.WebDriverFactory - BrowserName=firefox Version=84.0.2 Platform=LINUX
[Test worker] INFO com.codeborne.selenide.webdriver.WebDriverFactory - Selenide v. 5.16.2
[Test worker] INFO com.codeborne.selenide.webdriver.WebDriverFactory - Selenium WebDriver v. 3.141.59 build time: 2018-11-14T08:17:03
[Test worker] INFO com.codeborne.selenide.drivercommands.CreateDriverCommand - Create webdriver in current thread 11: FirefoxDriver -> FirefoxDriver: firefox on LINUX (45fdee95-ec19-40e1-b336-319522e8fd69)
[Test worker] INFO com.codeborne.selenide.impl.WebDriverThreadLocalContainer - Webdriver has been closed meanwhile. Let's re-create it.
[Test worker] INFO com.codeborne.selenide.drivercommands.CloseDriverCommand - Close webdriver: 11 -> FirefoxDriver: firefox on LINUX (null)...
[Test worker] INFO com.codeborne.selenide.drivercommands.CloseDriverCommand - Closed webdriver 11 in 0 ms
[Test worker] INFO com.codeborne.selenide.impl.FileHelper - Creating folder: /home/viewadmin/selenium-uno/build/downloads/1612366674923_26761_11
[Test worker] INFO com.codeborne.selenide.webdriver.AbstractDriverFactory - Write webdriver logs to: /home/viewadmin/selenium-uno/build/reports/tests/webdriver.1612366674923_26761_11.log
Feb 03, 2021 4:38:01 PM org.openqa.selenium.remote.ProtocolHandshake createSession
INFO: Detected dialect: W3C
[Test worker] INFO com.codeborne.selenide.webdriver.WebDriverFactory - BrowserName=firefox Version=84.0.2 Platform=LINUX
[Test worker] INFO com.codeborne.selenide.webdriver.WebDriverFactory - Selenide v. 5.16.2
[Test worker] INFO com.codeborne.selenide.webdriver.WebDriverFactory - Selenium WebDriver v. 3.141.59 build time: 2018-11-14T08:17:03
[Test worker] INFO com.codeborne.selenide.drivercommands.CreateDriverCommand - Create webdriver in current thread 11: FirefoxDriver -> FirefoxDriver: firefox on LINUX (d2b5e537-7048-4615-922f-0e116569a84a)
]]></system-err>
</testsuite>
