<?xml version="1.0" encoding="UTF-8"?>
<testsuite name="com.example.selenium_uno.WandavisionTest" tests="1" skipped="0" failures="0" errors="0" timestamp="2021-02-03T15:00:05" hostname="ubuntu" time="48.776">
  <properties/>
  <testcase name="wandavision()" classname="com.example.selenium_uno.WandavisionTest" time="48.776"/>
  <system-out><![CDATA[]]></system-out>
  <system-err><![CDATA[1612364408560	geckodriver	INFO	Listening on 127.0.0.1:24239
1612364409608	mozrunner::runner	INFO	Running command: "/usr/lib/firefox/firefox" "--marionette" "-headless" "-foreground" "-no-remote" "-profile" "/tmp/rust_mozprofile81GmFk"
*** You are running in headless mode.

(firefox:13475): GLib-GObject-WARNING **: 16:00:10.542: invalid (NULL) pointer instance

(firefox:13475): GLib-GObject-CRITICAL **: 16:00:10.543: g_signal_connect_data: assertion 'G_TYPE_CHECK_INSTANCE (instance)' failed

(/usr/lib/firefox/firefox:13525): GLib-GObject-WARNING **: 16:00:11.563: invalid (NULL) pointer instance

(/usr/lib/firefox/firefox:13525): GLib-GObject-CRITICAL **: 16:00:11.563: g_signal_connect_data: assertion 'G_TYPE_CHECK_INSTANCE (instance)' failed

(/usr/lib/firefox/firefox:13540): GLib-GObject-WARNING **: 16:00:11.949: invalid (NULL) pointer instance

(/usr/lib/firefox/firefox:13540): GLib-GObject-CRITICAL **: 16:00:11.949: g_signal_connect_data: assertion 'G_TYPE_CHECK_INSTANCE (instance)' failed
console.warn: SearchSettings: "get: No settings file exists, new profile?" (new Error("", "(unknown module)"))

(/usr/lib/firefox/firefox:13612): GLib-GObject-WARNING **: 16:00:18.001: invalid (NULL) pointer instance

(/usr/lib/firefox/firefox:13612): GLib-GObject-CRITICAL **: 16:00:18.002: g_signal_connect_data: assertion 'G_TYPE_CHECK_INSTANCE (instance)' failed
1612364420554	Marionette	INFO	Listening on port 44817
1612364420679	Marionette	WARN	TLS certificate errors will be ignored for this session
Feb 03, 2021 4:00:21 PM org.openqa.selenium.remote.ProtocolHandshake createSession
INFO: Detected dialect: W3C
1612364429525	Marionette	WARN	TimedPromise timed out after 500 ms: stacktrace:
TimedPromise/<@chrome://marionette/content/sync.js:235:19
TimedPromise@chrome://marionette/content/sync.js:220:10
interaction.flushEventLoop@chrome://marionette/content/interaction.js:418:10
webdriverClickElement@chrome://marionette/content/interaction.js:179:31
JavaScript error: , line 0: NotFoundError: No such JSWindowActor 'MarionetteEvents'
JavaScript error: , line 0: NotFoundError: No such JSWindowActor 'MarionetteEvents'
1612364436366	Marionette	WARN	TimedPromise timed out after 500 ms: stacktrace:
TimedPromise/<@chrome://marionette/content/sync.js:235:19
TimedPromise@chrome://marionette/content/sync.js:220:10
interaction.flushEventLoop@chrome://marionette/content/interaction.js:418:10
webdriverClickElement@chrome://marionette/content/interaction.js:179:31
1612364449445	Marionette	WARN	TimedPromise timed out after 500 ms: stacktrace:
TimedPromise/<@chrome://marionette/content/sync.js:235:19
TimedPromise@chrome://marionette/content/sync.js:220:10
interaction.flushEventLoop@chrome://marionette/content/interaction.js:418:10
webdriverClickElement@chrome://marionette/content/interaction.js:179:31
1612364453275	Marionette	INFO	Stopped listening on port 44817
JavaScript error: resource://activity-stream/lib/ASRouter.jsm, line 987: NS_ERROR_ILLEGAL_VALUE: Component returned failure code: 0x80070057 (NS_ERROR_ILLEGAL_VALUE) [nsIObserverService.removeObserver]
JavaScript error: resource://devtools/client/jsonview/Sniffer.jsm, line 56: NS_ERROR_NOT_AVAILABLE: Component returned failure code: 0x80040111 (NS_ERROR_NOT_AVAILABLE) [nsIChannel.contentType]
JavaScript error: https://m.media-amazon.com/images/S/sash/wDqcPWN-$punknn.js, line 94: NS_ERROR_NOT_INITIALIZED: 

###!!! [Parent][RunMessage] Error: Channel closing: too late to send/recv, messages will be lost

]]></system-err>
</testsuite>
