<?xml version="1.0" encoding="UTF-8"?>
<testsuite name="com.example.selenium_uno.WandavisionTest" tests="1" skipped="0" failures="0" errors="0" timestamp="2021-02-07T12:29:54" hostname="ubuntu" time="26.426">
  <properties/>
  <testcase name="wandavision()" classname="com.example.selenium_uno.WandavisionTest" time="26.426"/>
  <system-out><![CDATA[]]></system-out>
  <system-err><![CDATA[[Test worker] INFO com.codeborne.selenide.impl.WebDriverThreadLocalContainer - No webdriver is bound to current thread: 11 - let's create a new webdriver
[Test worker] INFO com.codeborne.selenide.impl.FileHelper - Creating folder: /home/viewadmin/selenium-uno/build/downloads/1612700994277_30528_11
[Test worker] INFO io.github.bonigarcia.wdm.WebDriverManager - Using geckodriver 0.29.0 (resolved driver for Firefox 84)
[Test worker] INFO io.github.bonigarcia.wdm.WebDriverManager - Exporting webdriver.gecko.driver as /home/viewadmin/.cache/selenium/geckodriver/linux64/0.29.0/geckodriver
[Test worker] INFO com.codeborne.selenide.webdriver.AbstractDriverFactory - Write webdriver logs to: /home/viewadmin/selenium-uno/build/reports/tests/webdriver.1612700995274_30528_11.log
Feb 07, 2021 1:30:00 PM org.openqa.selenium.remote.ProtocolHandshake createSession
INFO: Detected dialect: W3C
[Test worker] INFO com.codeborne.selenide.webdriver.WebDriverFactory - BrowserName=firefox Version=84.0.2 Platform=LINUX
[Test worker] INFO com.codeborne.selenide.webdriver.WebDriverFactory - Selenide v. 5.16.2
[Test worker] INFO com.codeborne.selenide.webdriver.WebDriverFactory - Selenium WebDriver v. 3.141.59 build time: 2018-11-14T08:17:03
[Test worker] INFO com.codeborne.selenide.drivercommands.CreateDriverCommand - Create webdriver in current thread 11: FirefoxDriver -> FirefoxDriver: firefox on LINUX (01c0fc09-a887-486a-972c-222499815859)
]]></system-err>
</testsuite>
